<?xml version="1.0" encoding="utf-8"?>
<symbols>
  <files>
    <file id="1" name="test-debug-23.cs" checksum="50c2e83a7c3a471eb8f9993800d16ac8" />
  </files>
  <methods>
    <method token="0x6000001">
      <sequencepoints>
        <entry il="0x0" row="8" file_ref="1" hidden="false" />
        <entry il="0x1" row="9" file_ref="1" hidden="false" />
        <entry il="0x7" row="9" file_ref="1" hidden="false" />
        <entry il="0xd" row="10" file_ref="1" hidden="false" />
      </sequencepoints>
      <locals />
      <scopes />
    </method>
    <method token="0x6000002">
      <sequencepoints>
        <entry il="0x0" row="13" file_ref="1" hidden="false" />
        <entry il="0x1" row="14" file_ref="1" hidden="false" />
        <entry il="0x7" row="14" file_ref="1" hidden="false" />
        <entry il="0xd" row="15" file_ref="1" hidden="false" />
      </sequencepoints>
      <locals />
      <scopes />
    </method>
    <method token="0x6000003">
      <sequencepoints>
        <entry il="0x0" row="18" file_ref="1" hidden="false" />
        <entry il="0x1" row="19" file_ref="1" hidden="false" />
        <entry il="0x6" row="19" file_ref="1" hidden="false" />
        <entry il="0xc" row="20" file_ref="1" hidden="false" />
      </sequencepoints>
      <locals />
      <scopes />
    </method>
    <method token="0x6000004">
      <sequencepoints>
        <entry il="0x0" row="23" file_ref="1" hidden="false" />
        <entry il="0x1" row="24" file_ref="1" hidden="false" />
        <entry il="0x1f" row="25" file_ref="1" hidden="false" />
        <entry il="0x25" row="25" file_ref="1" hidden="false" />
        <entry il="0x2b" row="26" file_ref="1" hidden="false" />
      </sequencepoints>
      <locals>
        <entry name="f" il_index="0" scope_ref="0" />
      </locals>
      <scopes />
    </method>
    <method token="0x6000005">
      <sequencepoints>
        <entry il="0x0" row="29" file_ref="1" hidden="false" />
        <entry il="0x1" row="30" file_ref="1" hidden="false" />
        <entry il="0x8" row="31" file_ref="1" hidden="false" />
      </sequencepoints>
      <locals />
      <scopes />
    </method>
    <method token="0x6000006">
      <sequencepoints>
        <entry il="0x0" row="34" file_ref="1" hidden="false" />
        <entry il="0x1" row="35" file_ref="1" hidden="false" />
        <entry il="0x8" row="36" file_ref="1" hidden="false" />
      </sequencepoints>
      <locals />
      <scopes />
    </method>
    <method token="0x6000007">
      <sequencepoints>
        <entry il="0x0" row="39" file_ref="1" hidden="false" />
        <entry il="0x1" row="40" file_ref="1" hidden="false" />
        <entry il="0x8" row="41" file_ref="1" hidden="false" />
      </sequencepoints>
      <locals />
      <scopes />
    </method>
    <method token="0x6000008">
      <sequencepoints>
        <entry il="0x0" row="45" file_ref="1" hidden="false" />
        <entry il="0x1" row="46" file_ref="1" hidden="false" />
      </sequencepoints>
      <locals />
      <scopes />
    </method>
    <method token="0x6000009">
      <sequencepoints />
      <locals />
      <scopes />
    </method>
    <method token="0x600000a">
      <sequencepoints>
        <entry il="0x0" row="24" file_ref="1" hidden="false" />
      </sequencepoints>
      <locals />
      <scopes />
    </method>
  </methods>
</symbols>