<?xml version="1.0" encoding="utf-8"?>
<symbols>
  <files>
    <file id="1" name="test-debug-14.cs" checksum="9a62d9b38e31b6995ca72e2d65c83d01" />
  </files>
  <methods>
    <method token="0x6000001">
      <sequencepoints>
        <entry il="0x0" row="6" file_ref="1" hidden="false" />
        <entry il="0x1" row="7" file_ref="1" hidden="false" />
      </sequencepoints>
      <locals />
      <scopes />
    </method>
    <method token="0x6000002">
      <sequencepoints>
        <entry il="0x0" row="10" file_ref="1" hidden="false" />
        <entry il="0x1" row="11" file_ref="1" hidden="false" />
        <entry il="0x1f" row="14" file_ref="1" hidden="false" />
      </sequencepoints>
      <locals>
        <entry name="a" il_index="0" scope_ref="0" />
      </locals>
      <scopes />
    </method>
    <method token="0x6000003">
      <sequencepoints>
        <entry il="0x0" row="17" file_ref="1" hidden="false" />
        <entry il="0x1" row="18" file_ref="1" hidden="false" />
        <entry il="0x1f" row="23" file_ref="1" hidden="false" />
      </sequencepoints>
      <locals>
        <entry name="a" il_index="0" scope_ref="0" />
      </locals>
      <scopes />
    </method>
    <method token="0x6000004">
      <sequencepoints>
        <entry il="0x0" row="26" file_ref="1" hidden="false" />
        <entry il="0x1" row="27" file_ref="1" hidden="false" />
        <entry il="0x1f" row="31" file_ref="1" hidden="false" />
      </sequencepoints>
      <locals>
        <entry name="a" il_index="0" scope_ref="0" />
      </locals>
      <scopes />
    </method>
    <method token="0x6000005">
      <sequencepoints>
        <entry il="0xd" row="34" file_ref="1" hidden="false" />
        <entry il="0xe" row="35" file_ref="1" hidden="false" />
        <entry il="0x1b" row="37" file_ref="1" hidden="false" />
      </sequencepoints>
      <locals>
        <entry name="a" il_index="1" scope_ref="0" />
      </locals>
      <scopes />
    </method>
    <method token="0x6000006">
      <sequencepoints />
      <locals />
      <scopes />
    </method>
    <method token="0x6000007">
      <sequencepoints />
      <locals />
      <scopes />
    </method>
    <method token="0x6000008">
      <sequencepoints>
        <entry il="0x0" row="20" file_ref="1" hidden="false" />
        <entry il="0x1" row="21" file_ref="1" hidden="false" />
        <entry il="0x6" row="22" file_ref="1" hidden="false" />
      </sequencepoints>
      <locals />
      <scopes />
    </method>
    <method token="0x6000009">
      <sequencepoints>
        <entry il="0x0" row="28" file_ref="1" hidden="false" />
        <entry il="0x1" row="29" file_ref="1" hidden="false" />
        <entry il="0x6" row="30" file_ref="1" hidden="false" />
      </sequencepoints>
      <locals />
      <scopes />
    </method>
    <method token="0x600000a">
      <sequencepoints />
      <locals />
      <scopes />
    </method>
    <method token="0x600000b">
      <sequencepoints>
        <entry il="0x0" row="36" file_ref="1" hidden="false" />
      </sequencepoints>
      <locals />
      <scopes />
    </method>
  </methods>
</symbols>