<?xml version="1.0" encoding="utf-8"?>
<symbols>
  <files>
    <file id="1" name="test-debug-16.cs" checksum="d11925ceba144ed58c9963257daaac88" />
  </files>
  <methods>
    <method token="0x6000001">
      <sequencepoints>
        <entry il="0x0" row="10" file_ref="1" hidden="false" />
        <entry il="0x1" row="11" file_ref="1" hidden="false" />
      </sequencepoints>
      <locals />
      <scopes />
    </method>
    <method token="0x6000002">
      <sequencepoints>
        <entry il="0x0" row="14" file_ref="1" hidden="false" />
        <entry il="0x1" row="15" file_ref="1" hidden="false" />
        <entry il="0x7" row="17" file_ref="1" hidden="false" />
        <entry il="0x13" row="20" file_ref="1" hidden="false" />
        <entry il="0x21" row="24" file_ref="1" hidden="false" />
      </sequencepoints>
      <locals>
        <entry name="o" il_index="0" scope_ref="0" />
      </locals>
      <scopes />
    </method>
    <method token="0x6000003">
      <sequencepoints>
        <entry il="0x0" row="27" file_ref="1" hidden="false" />
        <entry il="0x1" row="28" file_ref="1" hidden="false" />
        <entry il="0x7" row="30" file_ref="1" hidden="false" />
        <entry il="0x12" row="31" file_ref="1" hidden="false" />
        <entry il="0x1b" row="33" file_ref="1" hidden="false" />
      </sequencepoints>
      <locals>
        <entry name="user" il_index="0" scope_ref="0" />
      </locals>
      <scopes />
    </method>
    <method token="0x6000004">
      <sequencepoints />
      <locals />
      <scopes />
    </method>
  </methods>
</symbols>