<?xml version="1.0" encoding="utf-8"?>
<symbols>
  <files>
    <file id="1" name="test-debug-06.cs" checksum="c3aafdbdd421ff921e963eccc1bd1df3" />
  </files>
  <methods>
    <method token="0x6000001">
      <sequencepoints>
        <entry il="0x0" row="6" file_ref="1" hidden="false" />
        <entry il="0x1" row="7" file_ref="1" hidden="false" />
      </sequencepoints>
      <locals />
      <scopes />
    </method>
    <method token="0x6000002">
      <sequencepoints>
        <entry il="0x0" row="10" file_ref="1" hidden="false" />
        <entry il="0x1" row="11" file_ref="1" hidden="false" />
        <entry il="0x1" row="12" file_ref="1" hidden="false" />
        <entry il="0x2" row="13" file_ref="1" hidden="false" />
        <entry il="0x3" row="14" file_ref="1" hidden="false" />
        <entry il="0x9" row="15" file_ref="1" hidden="false" />
        <entry il="0xa" row="16" file_ref="1" hidden="false" />
        <entry il="0x10" row="17" file_ref="1" hidden="false" />
      </sequencepoints>
      <locals />
      <scopes>
        <entry index="0" start="0x2" end="0x2" />
        <entry index="1" start="0xa" end="0xa" />
      </scopes>
    </method>
    <method token="0x6000003">
      <sequencepoints>
        <entry il="0x0" row="20" file_ref="1" hidden="false" />
        <entry il="0x1" row="21" file_ref="1" hidden="false" />
        <entry il="0x1" row="22" file_ref="1" hidden="false" />
        <entry il="0x2" row="23" file_ref="1" hidden="false" />
        <entry il="0x3" row="24" file_ref="1" hidden="false" />
        <entry il="0x9" row="25" file_ref="1" hidden="false" />
        <entry il="0xa" row="26" file_ref="1" hidden="false" />
        <entry il="0xc" row="27" file_ref="1" hidden="false" />
        <entry il="0x12" row="28" file_ref="1" hidden="false" />
      </sequencepoints>
      <locals>
        <entry name="e" il_index="0" scope_ref="0" />
      </locals>
      <scopes>
        <entry index="0" start="0x2" end="0x2" />
        <entry index="1" start="0xa" end="0xc" />
      </scopes>
    </method>
    <method token="0x6000004">
      <sequencepoints>
        <entry il="0x0" row="31" file_ref="1" hidden="false" />
        <entry il="0x1" row="32" file_ref="1" hidden="false" />
        <entry il="0x1" row="33" file_ref="1" hidden="false" />
        <entry il="0x2" row="34" file_ref="1" hidden="false" />
        <entry il="0x3" row="35" file_ref="1" hidden="false" />
        <entry il="0x9" row="36" file_ref="1" hidden="false" />
        <entry il="0xa" row="37" file_ref="1" hidden="false" />
        <entry il="0xc" row="38" file_ref="1" hidden="false" />
        <entry il="0xd" row="39" file_ref="1" hidden="false" />
        <entry il="0x13" row="40" file_ref="1" hidden="false" />
        <entry il="0x14" row="41" file_ref="1" hidden="false" />
        <entry il="0x19" row="43" file_ref="1" hidden="false" />
      </sequencepoints>
      <locals>
        <entry name="e" il_index="0" scope_ref="0" />
        <entry name="e" il_index="1" scope_ref="0" />
      </locals>
      <scopes>
        <entry index="0" start="0x2" end="0x2" />
        <entry index="1" start="0xa" end="0xc" />
        <entry index="2" start="0x14" end="0x19" />
      </scopes>
    </method>
    <method token="0x6000005">
      <sequencepoints>
        <entry il="0x0" row="46" file_ref="1" hidden="false" />
        <entry il="0x1" row="47" file_ref="1" hidden="false" />
        <entry il="0x1" row="48" file_ref="1" hidden="false" />
        <entry il="0x2" row="49" file_ref="1" hidden="false" />
        <entry il="0x8" row="51" file_ref="1" hidden="false" />
        <entry il="0x9" row="52" file_ref="1" hidden="false" />
        <entry il="0xb" row="53" file_ref="1" hidden="false" />
      </sequencepoints>
      <locals />
      <scopes>
        <entry index="0" start="0x2" end="0x2" />
        <entry index="1" start="0x9" end="0x9" />
      </scopes>
    </method>
    <method token="0x6000006">
      <sequencepoints>
        <entry il="0x0" row="56" file_ref="1" hidden="false" />
        <entry il="0x1" row="57" file_ref="1" hidden="false" />
        <entry il="0x1" row="58" file_ref="1" hidden="false" />
        <entry il="0x2" row="59" file_ref="1" hidden="false" />
        <entry il="0x3" row="60" file_ref="1" hidden="false" />
        <entry il="0x9" row="61" file_ref="1" hidden="false" />
        <entry il="0xa" row="62" file_ref="1" hidden="false" />
        <entry il="0xc" row="63" file_ref="1" hidden="false" />
        <entry il="0x12" row="65" file_ref="1" hidden="false" />
        <entry il="0x13" row="66" file_ref="1" hidden="false" />
        <entry il="0x15" row="67" file_ref="1" hidden="false" />
      </sequencepoints>
      <locals>
        <entry name="e" il_index="0" scope_ref="0" />
      </locals>
      <scopes>
        <entry index="0" start="0x2" end="0x2" />
        <entry index="1" start="0xa" end="0xc" />
        <entry index="2" start="0x13" end="0x13" />
      </scopes>
    </method>
    <method token="0x6000007">
      <sequencepoints />
      <locals />
      <scopes />
    </method>
  </methods>
</symbols>