<?xml version="1.0" encoding="utf-8"?>
<symbols>
  <files>
    <file id="1" name="test-debug-10.cs" checksum="c1382ff87ceabeec202eed6c58e40747" />
  </files>
  <methods>
    <method token="0x6000001">
      <sequencepoints>
        <entry il="0x0" row="4" file_ref="1" hidden="false" />
        <entry il="0x1" row="5" file_ref="1" hidden="false" />
        <entry il="0x7" row="6" file_ref="1" hidden="false" />
      </sequencepoints>
      <locals />
      <scopes />
    </method>
    <method token="0x6000002">
      <sequencepoints>
        <entry il="0x0" row="10" file_ref="1" hidden="false" />
        <entry il="0x1" row="11" file_ref="1" hidden="false" />
        <entry il="0x8" row="12" file_ref="1" hidden="false" />
      </sequencepoints>
      <locals />
      <scopes />
    </method>
    <method token="0x6000003">
      <sequencepoints>
        <entry il="0x0" row="14" file_ref="1" hidden="false" />
        <entry il="0x1" row="15" file_ref="1" hidden="false" />
      </sequencepoints>
      <locals />
      <scopes />
    </method>
    <method token="0x6000004">
      <sequencepoints>
        <entry il="0x0" row="20" file_ref="1" hidden="false" />
      </sequencepoints>
      <locals />
      <scopes />
    </method>
    <method token="0x6000005">
      <sequencepoints>
        <entry il="0x0" row="21" file_ref="1" hidden="false" />
      </sequencepoints>
      <locals />
      <scopes />
    </method>
    <method token="0x6000006">
      <sequencepoints />
      <locals />
      <scopes />
    </method>
  </methods>
</symbols>