<?xml version="1.0" encoding="utf-8"?>
<symbols>
  <files>
    <file id="1" name="test-debug-13.cs" checksum="452510de2ffe0393d21918fa5668ac56" />
  </files>
  <methods>
    <method token="0x6000001">
      <sequencepoints>
        <entry il="0x0" row="7" file_ref="1" hidden="false" />
        <entry il="0x1" row="9" file_ref="1" hidden="false" />
      </sequencepoints>
      <locals />
      <scopes />
    </method>
    <method token="0x6000002">
      <sequencepoints />
      <locals />
      <scopes />
    </method>
    <method token="0x6000003">
      <sequencepoints />
      <locals />
      <scopes />
    </method>
    <method token="0x6000004">
      <sequencepoints />
      <locals />
      <scopes />
    </method>
    <method token="0x6000005">
      <sequencepoints />
      <locals />
      <scopes />
    </method>
    <method token="0x6000006">
      <sequencepoints />
      <locals />
      <scopes />
    </method>
    <method token="0x6000007">
      <sequencepoints />
      <locals />
      <scopes />
    </method>
    <method token="0x6000008">
      <sequencepoints />
      <locals />
      <scopes />
    </method>
    <method token="0x6000009">
      <sequencepoints>
        <entry il="0x21" row="12" file_ref="1" hidden="false" />
        <entry il="0x22" row="13" file_ref="1" hidden="false" />
        <entry il="0x3d" row="14" file_ref="1" hidden="false" />
      </sequencepoints>
      <locals />
      <scopes>
        <entry index="0" start="0x22" end="0x3d" />
      </scopes>
    </method>
    <method token="0x600000a">
      <sequencepoints />
      <locals />
      <scopes />
    </method>
    <method token="0x600000b">
      <sequencepoints />
      <locals />
      <scopes />
    </method>
    <method token="0x600000c">
      <sequencepoints />
      <locals />
      <scopes />
    </method>
    <method token="0x600000d">
      <sequencepoints />
      <locals />
      <scopes />
    </method>
    <method token="0x600000e">
      <sequencepoints />
      <locals />
      <scopes />
    </method>
    <method token="0x600000f">
      <sequencepoints />
      <locals />
      <scopes />
    </method>
    <method token="0x6000010">
      <sequencepoints />
      <locals />
      <scopes />
    </method>
    <method token="0x6000011">
      <sequencepoints>
        <entry il="0x12" row="17" file_ref="1" hidden="false" />
        <entry il="0x13" row="18" file_ref="1" hidden="false" />
      </sequencepoints>
      <locals />
      <scopes>
        <entry index="0" start="0x13" end="0x18" />
      </scopes>
    </method>
    <method token="0x6000012">
      <sequencepoints />
      <locals />
      <scopes />
    </method>
    <method token="0x6000013">
      <sequencepoints />
      <locals />
      <scopes />
    </method>
    <method token="0x6000014">
      <sequencepoints />
      <locals />
      <scopes />
    </method>
  </methods>
</symbols>